<?xml version="1.0" encoding="UTF-8"?>
<testsuite name="com.bl.quantitymeasurementtest.QuantityMeasurementTest" tests="12" skipped="0" failures="0" errors="0" timestamp="2020-05-19T08:10:37" hostname="SWAPNIKA" time="0.073">
  <properties/>
  <testcase name="checkForObjectValue_WhenNotEqual_ShouldReturnFalse" classname="com.bl.quantitymeasurementtest.QuantityMeasurementTest" time="0.006"/>
  <testcase name="givenLengthInFeet_WhenProper_ShouldReturnInch" classname="com.bl.quantitymeasurementtest.QuantityMeasurementTest" time="0.005"/>
  <testcase name="checkForObjectValue_WhenEqual_ShouldReturnTrue" classname="com.bl.quantitymeasurementtest.QuantityMeasurementTest" time="0.002"/>
  <testcase name="givenZeroFeetZeroFeet_WhenEqual_ShouldReturnEqual" classname="com.bl.quantitymeasurementtest.QuantityMeasurementTest" time="0.001"/>
  <testcase name="checkForObject_WhenClassTypeNotEqual_ShouldReturnFalse" classname="com.bl.quantitymeasurementtest.QuantityMeasurementTest" time="0.002"/>
  <testcase name="givenLengthInFeet_WhenImproper_ShouldReturnInch" classname="com.bl.quantitymeasurementtest.QuantityMeasurementTest" time="0.0"/>
  <testcase name="givenLengthInInch_WhenImproper_ShouldReturnFeet" classname="com.bl.quantitymeasurementtest.QuantityMeasurementTest" time="0.0"/>
  <testcase name="givenLengthInInch_WhenProper_ShouldReturnFeet" classname="com.bl.quantitymeasurementtest.QuantityMeasurementTest" time="0.0"/>
  <testcase name="givenLengthInInch_WhenZero_ShouldReturnFeet" classname="com.bl.quantitymeasurementtest.QuantityMeasurementTest" time="0.011"/>
  <testcase name="givenLengthInFeet_WhenZero_ShouldReturnInch" classname="com.bl.quantitymeasurementtest.QuantityMeasurementTest" time="0.001"/>
  <testcase name="givenObject_WhenNull_ShouldReturnFalse" classname="com.bl.quantitymeasurementtest.QuantityMeasurementTest" time="0.016"/>
  <testcase name="checkForObject_WhenReferenceEqual_ShouldReturnTrue" classname="com.bl.quantitymeasurementtest.QuantityMeasurementTest" time="0.003"/>
  <system-out><![CDATA[]]></system-out>
  <system-err><![CDATA[]]></system-err>
</testsuite>
